<?xml version="1.0" encoding="UTF-8"?>
<!-- Generated by org.testng.reporters.JUnitXMLReporter -->
<testsuite hostname="DESKTOP-1F7P7C3" ignored="0" name="Default test" tests="3" failures="0" timestamp="03 Oct 2020 08:57:00 GMT" time="0.035" errors="0">
  <testcase name="googleTitleTest" time="0.005" classname="TestNg_Tutoral_Package.C2_TestNG_Basic_Easy_Understand"/>
  <testcase name="serachtest" time="0.002" classname="TestNg_Tutoral_Package.C2_TestNG_Basic_Easy_Understand"/>
  <testcase name="spellingtest" time="0.001" classname="TestNg_Tutoral_Package.C2_TestNG_Basic_Easy_Understand"/>
</testsuite> <!-- Default test -->
